<?xml version="1.0" encoding="UTF-8"?>
<!-- Generated by org.testng.reporters.JUnitXMLReporter -->
<testsuite ignored="0" hostname="hp-pc" failures="0" tests="2" name="TestRunner_2" time="109.886" errors="0" timestamp="2021-09-15T11:20:34 IST">
  <testcase classname="com.crm.autodesk.OrganizationTest.TC_02_CreateOrganizationTest" name="createOrgWithType" time="0.018"/>
  <testcase classname="com.crm.autodesk.OrganizationTest.TC_02_CreateOrganizationTest" name="createOrganizationTest" time="28.249"/>
</testsuite> <!-- TestRunner_2 -->
