<?xml version="1.0" encoding="UTF-8"?>
<!-- Generated by org.testng.reporters.JUnitXMLReporter -->
<testsuite ignored="1" hostname="hp-pc" failures="0" tests="1" name="Test" time="67.9" errors="0" timestamp="2021-09-15T10:58:00 IST">
  <testcase classname="com.crm.autodesk.OrganizationTest.TC_02_CreateOrganizationTest" name="createOrgWithType" time="0.011"/>
  <testcase classname="com.crm.autodesk.OrganizationTest.TC_02_CreateOrganizationTest" name="createOrganizationTest" time="0.0">
    <ignored/>
  </testcase> <!-- createOrganizationTest -->
</testsuite> <!-- Test -->
