<?xml version="1.0" encoding="UTF-8"?>
<!-- Generated by org.testng.reporters.JUnitXMLReporter -->
<testsuite ignored="1" hostname="hp-pc" failures="0" tests="2" name="Default test" time="0.112" errors="0" timestamp="2021-09-15T17:17:50 IST">
  <testcase classname="com.crm.practice.DemoTestNG" name="createUser" time="0.016"/>
  <testcase classname="com.crm.practice.DemoTestNG" name="modifyUser" time="0.002"/>
  <testcase classname="com.crm.practice.DemoTestNG" name="deleteUser" time="0.0">
    <ignored/>
  </testcase> <!-- deleteUser -->
</testsuite> <!-- Default test -->
