<?xml version="1.0" encoding="UTF-8"?>
<testng-results ignored="0" total="4" passed="4" failed="0" skipped="0">
  <reporter-output>
  </reporter-output>
  <suite started-at="2021-09-15T17:09:48 IST" name="Default suite" finished-at="2021-09-15T17:09:49 IST" duration-ms="138">
    <groups>
    </groups>
    <test started-at="2021-09-15T17:09:48 IST" name="Default test" finished-at="2021-09-15T17:09:49 IST" duration-ms="138">
      <class name="com.crm.practice.DemoTestNG">
        <test-method signature="demoUser()[pri:0, instance:com.crm.practice.DemoTestNG@6d3a388c]" started-at="2021-09-15T17:09:49 IST" name="demoUser" finished-at="2021-09-15T17:09:49 IST" duration-ms="21" status="PASS">
          <reporter-output>
          </reporter-output>
        </test-method> <!-- demoUser -->
        <test-method signature="demoUser()[pri:0, instance:com.crm.practice.DemoTestNG@6d3a388c]" started-at="2021-09-15T17:09:49 IST" name="demoUser" finished-at="2021-09-15T17:09:49 IST" duration-ms="3" status="PASS">
          <reporter-output>
          </reporter-output>
        </test-method> <!-- demoUser -->
        <test-method signature="demoUser()[pri:0, instance:com.crm.practice.DemoTestNG@6d3a388c]" started-at="2021-09-15T17:09:49 IST" name="demoUser" finished-at="2021-09-15T17:09:49 IST" duration-ms="4" status="PASS">
          <reporter-output>
          </reporter-output>
        </test-method> <!-- demoUser -->
        <test-method signature="demoUser()[pri:0, instance:com.crm.practice.DemoTestNG@6d3a388c]" started-at="2021-09-15T17:09:49 IST" name="demoUser" finished-at="2021-09-15T17:09:49 IST" duration-ms="4" status="PASS">
          <reporter-output>
          </reporter-output>
        </test-method> <!-- demoUser -->
      </class> <!-- com.crm.practice.DemoTestNG -->
    </test> <!-- Default test -->
  </suite> <!-- Default suite -->
</testng-results>
